<?xml version="1.0" encoding="UTF-8"?>
<!-- Generated by org.testng.reporters.JUnitXMLReporter -->
<testsuite ignored="3" hostname="DESKTOP-MJ1TK6E" failures="0" tests="0" time="0.009" errors="0" timestamp="2020-11-27T15:28:44 IST">
  <testcase classname="com.goibibo.qa.tests.HomePageTest" name="advTest" time="0.0">
    <ignored/>
  </testcase> <!-- advTest -->
  <testcase classname="com.goibibo.qa.tests.HomePageTest" name="logoValidationTest" time="0.0">
    <ignored/>
  </testcase> <!-- logoValidationTest -->
  <testcase classname="com.goibibo.qa.tests.HomePageTest" name="flightBookTest" time="0.0">
    <ignored/>
  </testcase> <!-- flightBookTest -->
</testsuite>
